\BOOKMARK [0][-]{Doc-Start}{Lista de Figuras}{}% 1
\BOOKMARK [0][-]{Doc-Start}{Lista de Tabelas}{}% 2
\BOOKMARK [0][-]{Doc-Start}{Lista de Algoritmos}{}% 3
\BOOKMARK [0][-]{section*.1}{Lista de C\363digos de Programas}{}% 4
\BOOKMARK [0][-]{chapter.2}{1 Introdu\347\343o}{}% 5
\BOOKMARK [0][-]{chapter.3}{2 Back-end como servi\347o}{}% 6
\BOOKMARK [1][-]{section.4}{2.1 O que \351}{chapter.3}% 7
\BOOKMARK [1][-]{section.5}{2.2 Funcionalidades}{chapter.3}% 8
\BOOKMARK [2][-]{subsection.6}{2.2.1 Gerenciamento de Usuarios}{section.5}% 9
\BOOKMARK [2][-]{subsection.7}{2.2.2 Gerenciamento de Dados}{section.5}% 10
\BOOKMARK [2][-]{subsection.8}{2.2.3 Aramazenamento de Imagens}{section.5}% 11
\BOOKMARK [2][-]{subsection.9}{2.2.4 Objetos Customizaveis}{section.5}% 12
\BOOKMARK [2][-]{subsection.10}{2.2.5 API}{section.5}% 13
\BOOKMARK [2][-]{subsection.11}{2.2.6 Disponibilidade e Escalabilidade}{section.5}% 14
\BOOKMARK [2][-]{subsection.12}{2.2.7 Integra\347\343o com redes sociais}{section.5}% 15
\BOOKMARK [1][-]{section.13}{2.3 Problemas}{chapter.3}% 16
\BOOKMARK [2][-]{subsection.14}{2.3.1 Precifica\347\343o}{section.13}% 17
\BOOKMARK [2][-]{subsection.15}{2.3.2 Escalabilidade}{section.13}% 18
\BOOKMARK [2][-]{subsection.16}{2.3.3 Mudan\347a de provedor}{section.13}% 19
\BOOKMARK [2][-]{subsection.17}{2.3.4 Seguran\347a}{section.13}% 20
\BOOKMARK [2][-]{subsection.18}{2.3.5 Sincroniza\347\343o de dados}{section.13}% 21
\BOOKMARK [2][-]{subsection.19}{2.3.6 Garantia da Integridade}{section.13}% 22
\BOOKMARK [2][-]{subsection.20}{2.3.7 Garantia da Consistencia da Informa\347\343o}{section.13}% 23
\BOOKMARK [2][-]{subsection.21}{2.3.8 Espa\347o utilizado}{section.13}% 24
\BOOKMARK [0][-]{chapter.22}{3 Estudo de caso Implementa\347\343o de aplicativo com back-end como servi\347o: Minha UFG}{}% 25
\BOOKMARK [1][-]{section.23}{3.1 Escopo}{chapter.22}% 26
\BOOKMARK [1][-]{section.24}{3.2 Arquitetura}{chapter.22}% 27
\BOOKMARK [1][-]{section.25}{3.3 Implementa\347\343o}{chapter.22}% 28
\BOOKMARK [1][-]{section.26}{3.4 Problemas relacionados a back-end como servi\347o}{chapter.22}% 29
\BOOKMARK [2][-]{subsection.27}{3.4.1 Recupera\347\343o de dados}{section.26}% 30
\BOOKMARK [2][-]{subsection.28}{3.4.2 Sincroniza\347\343o}{section.26}% 31
\BOOKMARK [2][-]{subsection.29}{3.4.3 Firebase Cloud Messaging}{section.26}% 32
\BOOKMARK [2][-]{subsection.30}{3.4.4 Armazenamento de arquivos}{section.26}% 33
\BOOKMARK [1][-]{section.31}{3.5 Resultados}{chapter.22}% 34
\BOOKMARK [0][-]{chapter.32}{4 Conclus\343o}{}% 35
\BOOKMARK [0][-]{chapter.32}{Refer\352ncias Bibliogr\341ficas}{}% 36
\BOOKMARK [0][-]{appendix.33}{A Exemplo de um Ap\352ndice}{}% 37
\BOOKMARK [0][-]{appendix.34}{B Exemplo de Outro Ap\352ndice}{}% 38
